{"/Users/neilshweky/Dropbox/DeveloperStuff/JSWorkspace/CreditsWorld/server/credentials.js": {"path":"/Users/neilshweky/Dropbox/DeveloperStuff/JSWorkspace/CreditsWorld/server/credentials.js","statementMap":{"0":{"start":{"line":3,"column":0},"end":{"line":9,"column":1}}},"fnMap":{},"branchMap":{"0":{"loc":{"start":{"line":4,"column":13},"end":{"line":4,"column":54}},"type":"binary-expr","locations":[{"start":{"line":4,"column":13},"end":{"line":4,"column":35}},{"start":{"line":4,"column":43},"end":{"line":4,"column":54}}],"line":4},"1":{"loc":{"start":{"line":5,"column":13},"end":{"line":5,"column":49}},"type":"binary-expr","locations":[{"start":{"line":5,"column":13},"end":{"line":5,"column":35}},{"start":{"line":5,"column":43},"end":{"line":5,"column":49}}],"line":5},"2":{"loc":{"start":{"line":6,"column":13},"end":{"line":6,"column":49}},"type":"binary-expr","locations":[{"start":{"line":6,"column":13},"end":{"line":6,"column":39}},{"start":{"line":6,"column":43},"end":{"line":6,"column":49}}],"line":6},"3":{"loc":{"start":{"line":7,"column":13},"end":{"line":7,"column":57}},"type":"binary-expr","locations":[{"start":{"line":7,"column":13},"end":{"line":7,"column":39}},{"start":{"line":7,"column":43},"end":{"line":7,"column":57}}],"line":7},"4":{"loc":{"start":{"line":8,"column":13},"end":{"line":8,"column":49}},"type":"binary-expr","locations":[{"start":{"line":8,"column":13},"end":{"line":8,"column":35}},{"start":{"line":8,"column":43},"end":{"line":8,"column":49}}],"line":8}},"s":{"0":1},"f":{},"b":{"0":[1,1],"1":[1,1],"2":[1,1],"3":[1,1],"4":[1,1]},"_coverageSchema":"1a1c01bbd47fc00a2c39e90264f33305004495a9","hash":"a483d8e890446deaac5366fc371be75a4999e089"}
,"/Users/neilshweky/Dropbox/DeveloperStuff/JSWorkspace/CreditsWorld/server/models/database.js": {"path":"/Users/neilshweky/Dropbox/DeveloperStuff/JSWorkspace/CreditsWorld/server/models/database.js","statementMap":{"0":{"start":{"line":1,"column":15},"end":{"line":1,"column":32}},"1":{"start":{"line":2,"column":15},"end":{"line":2,"column":42}},"2":{"start":{"line":3,"column":20},"end":{"line":3,"column":48}},"3":{"start":{"line":4,"column":9},"end":{"line":4,"column":29}},"4":{"start":{"line":6,"column":19},"end":{"line":11,"column":1}},"5":{"start":{"line":7,"column":2},"end":{"line":10,"column":13}},"6":{"start":{"line":13,"column":21},"end":{"line":22,"column":1}},"7":{"start":{"line":14,"column":4},"end":{"line":21,"column":5}},"8":{"start":{"line":24,"column":20},"end":{"line":26,"column":1}},"9":{"start":{"line":25,"column":2},"end":{"line":25,"column":21}},"10":{"start":{"line":28,"column":25},"end":{"line":38,"column":1}},"11":{"start":{"line":29,"column":2},"end":{"line":37,"column":4}},"12":{"start":{"line":40,"column":27},"end":{"line":65,"column":1}},"13":{"start":{"line":41,"column":2},"end":{"line":64,"column":4}},"14":{"start":{"line":73,"column":27},"end":{"line":86,"column":1}},"15":{"start":{"line":74,"column":2},"end":{"line":85,"column":4}},"16":{"start":{"line":89,"column":29},"end":{"line":102,"column":1}},"17":{"start":{"line":90,"column":2},"end":{"line":101,"column":4}},"18":{"start":{"line":104,"column":16},"end":{"line":107,"column":1}},"19":{"start":{"line":105,"column":2},"end":{"line":106,"column":33}},"20":{"start":{"line":106,"column":25},"end":{"line":106,"column":32}},"21":{"start":{"line":109,"column":16},"end":{"line":123,"column":1}},"22":{"start":{"line":110,"column":2},"end":{"line":122,"column":4}},"23":{"start":{"line":125,"column":16},"end":{"line":125,"column":56}},"24":{"start":{"line":125,"column":23},"end":{"line":125,"column":56}},"25":{"start":{"line":127,"column":23},"end":{"line":139,"column":1}},"26":{"start":{"line":128,"column":2},"end":{"line":128,"column":39}},"27":{"start":{"line":129,"column":13},"end":{"line":129,"column":24}},"28":{"start":{"line":130,"column":13},"end":{"line":130,"column":24}},"29":{"start":{"line":131,"column":2},"end":{"line":138,"column":12}},"30":{"start":{"line":134,"column":12},"end":{"line":137,"column":13}},"31":{"start":{"line":140,"column":22},"end":{"line":146,"column":1}},"32":{"start":{"line":141,"column":2},"end":{"line":145,"column":25}},"33":{"start":{"line":145,"column":15},"end":{"line":145,"column":24}},"34":{"start":{"line":148,"column":29},"end":{"line":150,"column":1}},"35":{"start":{"line":149,"column":2},"end":{"line":149,"column":45}},"36":{"start":{"line":152,"column":24},"end":{"line":158,"column":1}},"37":{"start":{"line":153,"column":2},"end":{"line":157,"column":32}},"38":{"start":{"line":157,"column":15},"end":{"line":157,"column":31}},"39":{"start":{"line":160,"column":31},"end":{"line":162,"column":1}},"40":{"start":{"line":161,"column":2},"end":{"line":161,"column":49}},"41":{"start":{"line":164,"column":18},"end":{"line":170,"column":1}},"42":{"start":{"line":165,"column":2},"end":{"line":169,"column":18}},"43":{"start":{"line":172,"column":25},"end":{"line":210,"column":1}},"44":{"start":{"line":173,"column":25},"end":{"line":199,"column":4}},"45":{"start":{"line":200,"column":22},"end":{"line":200,"column":35}},"46":{"start":{"line":201,"column":2},"end":{"line":208,"column":15}},"47":{"start":{"line":204,"column":14},"end":{"line":207,"column":15}},"48":{"start":{"line":217,"column":17},"end":{"line":231,"column":1}},"49":{"start":{"line":218,"column":2},"end":{"line":230,"column":26}},"50":{"start":{"line":230,"column":18},"end":{"line":230,"column":25}},"51":{"start":{"line":242,"column":17},"end":{"line":259,"column":1}},"52":{"start":{"line":243,"column":2},"end":{"line":258,"column":5}},"53":{"start":{"line":262,"column":0},"end":{"line":279,"column":1}}},"fnMap":{"0":{"name":"(anonymous_0)","decl":{"start":{"line":6,"column":19},"end":{"line":6,"column":20}},"loc":{"start":{"line":6,"column":36},"end":{"line":11,"column":1}},"line":6},"1":{"name":"(anonymous_1)","decl":{"start":{"line":13,"column":21},"end":{"line":13,"column":22}},"loc":{"start":{"line":13,"column":38},"end":{"line":22,"column":1}},"line":13},"2":{"name":"(anonymous_2)","decl":{"start":{"line":24,"column":20},"end":{"line":24,"column":21}},"loc":{"start":{"line":24,"column":47},"end":{"line":26,"column":1}},"line":24},"3":{"name":"(anonymous_3)","decl":{"start":{"line":28,"column":25},"end":{"line":28,"column":26}},"loc":{"start":{"line":28,"column":36},"end":{"line":38,"column":1}},"line":28},"4":{"name":"(anonymous_4)","decl":{"start":{"line":40,"column":27},"end":{"line":40,"column":28}},"loc":{"start":{"line":40,"column":38},"end":{"line":65,"column":1}},"line":40},"5":{"name":"(anonymous_5)","decl":{"start":{"line":73,"column":27},"end":{"line":73,"column":28}},"loc":{"start":{"line":73,"column":38},"end":{"line":86,"column":1}},"line":73},"6":{"name":"(anonymous_6)","decl":{"start":{"line":89,"column":29},"end":{"line":89,"column":30}},"loc":{"start":{"line":89,"column":40},"end":{"line":102,"column":1}},"line":89},"7":{"name":"(anonymous_7)","decl":{"start":{"line":104,"column":16},"end":{"line":104,"column":17}},"loc":{"start":{"line":104,"column":29},"end":{"line":107,"column":1}},"line":104},"8":{"name":"(anonymous_8)","decl":{"start":{"line":106,"column":17},"end":{"line":106,"column":18}},"loc":{"start":{"line":106,"column":25},"end":{"line":106,"column":32}},"line":106},"9":{"name":"(anonymous_9)","decl":{"start":{"line":109,"column":16},"end":{"line":109,"column":17}},"loc":{"start":{"line":109,"column":29},"end":{"line":123,"column":1}},"line":109},"10":{"name":"(anonymous_10)","decl":{"start":{"line":125,"column":16},"end":{"line":125,"column":17}},"loc":{"start":{"line":125,"column":23},"end":{"line":125,"column":56}},"line":125},"11":{"name":"(anonymous_11)","decl":{"start":{"line":127,"column":23},"end":{"line":127,"column":24}},"loc":{"start":{"line":127,"column":36},"end":{"line":139,"column":1}},"line":127},"12":{"name":"(anonymous_12)","decl":{"start":{"line":133,"column":16},"end":{"line":133,"column":17}},"loc":{"start":{"line":133,"column":27},"end":{"line":138,"column":11}},"line":133},"13":{"name":"(anonymous_13)","decl":{"start":{"line":140,"column":22},"end":{"line":140,"column":23}},"loc":{"start":{"line":140,"column":33},"end":{"line":146,"column":1}},"line":140},"14":{"name":"(anonymous_14)","decl":{"start":{"line":145,"column":8},"end":{"line":145,"column":9}},"loc":{"start":{"line":145,"column":15},"end":{"line":145,"column":24}},"line":145},"15":{"name":"(anonymous_15)","decl":{"start":{"line":148,"column":29},"end":{"line":148,"column":30}},"loc":{"start":{"line":148,"column":42},"end":{"line":150,"column":1}},"line":148},"16":{"name":"(anonymous_16)","decl":{"start":{"line":152,"column":24},"end":{"line":152,"column":25}},"loc":{"start":{"line":152,"column":35},"end":{"line":158,"column":1}},"line":152},"17":{"name":"(anonymous_17)","decl":{"start":{"line":157,"column":8},"end":{"line":157,"column":9}},"loc":{"start":{"line":157,"column":15},"end":{"line":157,"column":31}},"line":157},"18":{"name":"(anonymous_18)","decl":{"start":{"line":160,"column":31},"end":{"line":160,"column":32}},"loc":{"start":{"line":160,"column":41},"end":{"line":162,"column":1}},"line":160},"19":{"name":"(anonymous_19)","decl":{"start":{"line":164,"column":18},"end":{"line":164,"column":19}},"loc":{"start":{"line":164,"column":31},"end":{"line":170,"column":1}},"line":164},"20":{"name":"(anonymous_20)","decl":{"start":{"line":172,"column":25},"end":{"line":172,"column":26}},"loc":{"start":{"line":172,"column":38},"end":{"line":210,"column":1}},"line":172},"21":{"name":"(anonymous_21)","decl":{"start":{"line":203,"column":18},"end":{"line":203,"column":19}},"loc":{"start":{"line":203,"column":29},"end":{"line":208,"column":13}},"line":203},"22":{"name":"(anonymous_22)","decl":{"start":{"line":217,"column":17},"end":{"line":217,"column":18}},"loc":{"start":{"line":217,"column":30},"end":{"line":231,"column":1}},"line":217},"23":{"name":"(anonymous_23)","decl":{"start":{"line":230,"column":10},"end":{"line":230,"column":11}},"loc":{"start":{"line":230,"column":18},"end":{"line":230,"column":25}},"line":230},"24":{"name":"(anonymous_24)","decl":{"start":{"line":242,"column":17},"end":{"line":242,"column":18}},"loc":{"start":{"line":242,"column":28},"end":{"line":259,"column":1}},"line":242}},"branchMap":{"0":{"loc":{"start":{"line":125,"column":23},"end":{"line":125,"column":56}},"type":"cond-expr","locations":[{"start":{"line":125,"column":44},"end":{"line":125,"column":50}},{"start":{"line":125,"column":53},"end":{"line":125,"column":56}}],"line":125},"1":{"loc":{"start":{"line":135,"column":20},"end":{"line":135,"column":45}},"type":"binary-expr","locations":[{"start":{"line":135,"column":20},"end":{"line":135,"column":39}},{"start":{"line":135,"column":43},"end":{"line":135,"column":45}}],"line":135},"2":{"loc":{"start":{"line":206,"column":24},"end":{"line":206,"column":49}},"type":"binary-expr","locations":[{"start":{"line":206,"column":24},"end":{"line":206,"column":43}},{"start":{"line":206,"column":47},"end":{"line":206,"column":49}}],"line":206}},"s":{"0":1,"1":1,"2":1,"3":1,"4":1,"5":3,"6":1,"7":3,"8":1,"9":0,"10":1,"11":1,"12":1,"13":1,"14":1,"15":1,"16":1,"17":1,"18":1,"19":3,"20":3,"21":1,"22":3,"23":1,"24":9,"25":1,"26":2,"27":2,"28":2,"29":2,"30":2,"31":1,"32":1,"33":1,"34":1,"35":1,"36":1,"37":1,"38":1,"39":1,"40":1,"41":1,"42":4,"43":1,"44":3,"45":3,"46":3,"47":3,"48":1,"49":1,"50":1,"51":1,"52":1,"53":1},"f":{"0":3,"1":3,"2":0,"3":1,"4":1,"5":1,"6":1,"7":3,"8":3,"9":3,"10":9,"11":2,"12":2,"13":1,"14":1,"15":1,"16":1,"17":1,"18":1,"19":4,"20":3,"21":3,"22":1,"23":1,"24":1},"b":{"0":[4,5],"1":[2,0],"2":[3,1]},"_coverageSchema":"1a1c01bbd47fc00a2c39e90264f33305004495a9","hash":"0888d84f689cfe88d4752d7b79e03d6e11e44fd4"}
,"/Users/neilshweky/Dropbox/DeveloperStuff/JSWorkspace/CreditsWorld/server/models/schemas.js": {"path":"/Users/neilshweky/Dropbox/DeveloperStuff/JSWorkspace/CreditsWorld/server/models/schemas.js","statementMap":{"0":{"start":{"line":5,"column":15},"end":{"line":5,"column":32}},"1":{"start":{"line":6,"column":15},"end":{"line":6,"column":42}},"2":{"start":{"line":7,"column":20},"end":{"line":7,"column":48}},"3":{"start":{"line":8,"column":12},"end":{"line":8,"column":28}},"4":{"start":{"line":10,"column":11},"end":{"line":10,"column":16}},"5":{"start":{"line":12,"column":23},"end":{"line":18,"column":1}},"6":{"start":{"line":19,"column":19},"end":{"line":19,"column":80}},"7":{"start":{"line":20,"column":0},"end":{"line":20,"column":21}},"8":{"start":{"line":25,"column":14},"end":{"line":32,"column":1}},"9":{"start":{"line":26,"column":2},"end":{"line":31,"column":4}},"10":{"start":{"line":27,"column":4},"end":{"line":30,"column":6}},"11":{"start":{"line":28,"column":6},"end":{"line":29,"column":31}},"12":{"start":{"line":28,"column":15},"end":{"line":28,"column":33}},"13":{"start":{"line":29,"column":11},"end":{"line":29,"column":31}},"14":{"start":{"line":50,"column":0},"end":{"line":50,"column":38}}},"fnMap":{"0":{"name":"(anonymous_0)","decl":{"start":{"line":25,"column":14},"end":{"line":25,"column":15}},"loc":{"start":{"line":25,"column":21},"end":{"line":32,"column":1}},"line":25},"1":{"name":"(anonymous_1)","decl":{"start":{"line":26,"column":21},"end":{"line":26,"column":22}},"loc":{"start":{"line":26,"column":47},"end":{"line":31,"column":3}},"line":26},"2":{"name":"(anonymous_2)","decl":{"start":{"line":27,"column":26},"end":{"line":27,"column":27}},"loc":{"start":{"line":27,"column":55},"end":{"line":30,"column":5}},"line":27}},"branchMap":{"0":{"loc":{"start":{"line":19,"column":42},"end":{"line":19,"column":79}},"type":"cond-expr","locations":[{"start":{"line":19,"column":49},"end":{"line":19,"column":65}},{"start":{"line":19,"column":68},"end":{"line":19,"column":79}}],"line":19},"1":{"loc":{"start":{"line":28,"column":6},"end":{"line":29,"column":31}},"type":"if","locations":[{"start":{"line":28,"column":6},"end":{"line":29,"column":31}},{"start":{"line":28,"column":6},"end":{"line":29,"column":31}}],"line":28}},"s":{"0":1,"1":1,"2":1,"3":1,"4":1,"5":1,"6":1,"7":1,"8":1,"9":34,"10":34,"11":34,"12":0,"13":34,"14":1},"f":{"0":34,"1":34,"2":34},"b":{"0":[0,1],"1":[0,34]},"_coverageSchema":"1a1c01bbd47fc00a2c39e90264f33305004495a9","hash":"850c49071e2f839c6181a0508f3664eba30afd31"}
}
