{"/Users/neilshweky/Dropbox/DeveloperStuff/JSWorkspace/CreditsWorld/server/credentials.js": {"path":"/Users/neilshweky/Dropbox/DeveloperStuff/JSWorkspace/CreditsWorld/server/credentials.js","statementMap":{"0":{"start":{"line":3,"column":0},"end":{"line":9,"column":1}}},"fnMap":{},"branchMap":{"0":{"loc":{"start":{"line":4,"column":13},"end":{"line":4,"column":54}},"type":"binary-expr","locations":[{"start":{"line":4,"column":13},"end":{"line":4,"column":35}},{"start":{"line":4,"column":43},"end":{"line":4,"column":54}}],"line":4},"1":{"loc":{"start":{"line":5,"column":13},"end":{"line":5,"column":49}},"type":"binary-expr","locations":[{"start":{"line":5,"column":13},"end":{"line":5,"column":35}},{"start":{"line":5,"column":43},"end":{"line":5,"column":49}}],"line":5},"2":{"loc":{"start":{"line":6,"column":13},"end":{"line":6,"column":49}},"type":"binary-expr","locations":[{"start":{"line":6,"column":13},"end":{"line":6,"column":39}},{"start":{"line":6,"column":43},"end":{"line":6,"column":49}}],"line":6},"3":{"loc":{"start":{"line":7,"column":13},"end":{"line":7,"column":57}},"type":"binary-expr","locations":[{"start":{"line":7,"column":13},"end":{"line":7,"column":39}},{"start":{"line":7,"column":43},"end":{"line":7,"column":57}}],"line":7},"4":{"loc":{"start":{"line":8,"column":13},"end":{"line":8,"column":49}},"type":"binary-expr","locations":[{"start":{"line":8,"column":13},"end":{"line":8,"column":35}},{"start":{"line":8,"column":43},"end":{"line":8,"column":49}}],"line":8}},"s":{"0":1},"f":{},"b":{"0":[1,1],"1":[1,1],"2":[1,1],"3":[1,1],"4":[1,1]},"_coverageSchema":"1a1c01bbd47fc00a2c39e90264f33305004495a9","hash":"a483d8e890446deaac5366fc371be75a4999e089"}
,"/Users/neilshweky/Dropbox/DeveloperStuff/JSWorkspace/CreditsWorld/server/models/database.js": {"path":"/Users/neilshweky/Dropbox/DeveloperStuff/JSWorkspace/CreditsWorld/server/models/database.js","statementMap":{"0":{"start":{"line":1,"column":15},"end":{"line":1,"column":32}},"1":{"start":{"line":2,"column":15},"end":{"line":2,"column":42}},"2":{"start":{"line":3,"column":20},"end":{"line":3,"column":48}},"3":{"start":{"line":4,"column":9},"end":{"line":4,"column":29}},"4":{"start":{"line":6,"column":19},"end":{"line":11,"column":1}},"5":{"start":{"line":7,"column":2},"end":{"line":10,"column":13}},"6":{"start":{"line":13,"column":21},"end":{"line":23,"column":1}},"7":{"start":{"line":14,"column":4},"end":{"line":22,"column":5}},"8":{"start":{"line":25,"column":20},"end":{"line":27,"column":1}},"9":{"start":{"line":26,"column":2},"end":{"line":26,"column":21}},"10":{"start":{"line":29,"column":25},"end":{"line":38,"column":1}},"11":{"start":{"line":30,"column":2},"end":{"line":37,"column":4}},"12":{"start":{"line":40,"column":27},"end":{"line":65,"column":1}},"13":{"start":{"line":41,"column":2},"end":{"line":64,"column":4}},"14":{"start":{"line":73,"column":27},"end":{"line":101,"column":1}},"15":{"start":{"line":74,"column":2},"end":{"line":100,"column":4}},"16":{"start":{"line":104,"column":29},"end":{"line":132,"column":1}},"17":{"start":{"line":105,"column":2},"end":{"line":131,"column":4}},"18":{"start":{"line":134,"column":16},"end":{"line":137,"column":1}},"19":{"start":{"line":135,"column":2},"end":{"line":136,"column":33}},"20":{"start":{"line":136,"column":25},"end":{"line":136,"column":32}},"21":{"start":{"line":139,"column":16},"end":{"line":153,"column":1}},"22":{"start":{"line":140,"column":2},"end":{"line":152,"column":4}},"23":{"start":{"line":155,"column":16},"end":{"line":155,"column":56}},"24":{"start":{"line":155,"column":23},"end":{"line":155,"column":56}},"25":{"start":{"line":157,"column":23},"end":{"line":169,"column":1}},"26":{"start":{"line":158,"column":2},"end":{"line":158,"column":39}},"27":{"start":{"line":159,"column":13},"end":{"line":159,"column":24}},"28":{"start":{"line":160,"column":13},"end":{"line":160,"column":24}},"29":{"start":{"line":161,"column":2},"end":{"line":168,"column":12}},"30":{"start":{"line":164,"column":12},"end":{"line":167,"column":13}},"31":{"start":{"line":170,"column":22},"end":{"line":176,"column":1}},"32":{"start":{"line":171,"column":2},"end":{"line":175,"column":25}},"33":{"start":{"line":175,"column":15},"end":{"line":175,"column":24}},"34":{"start":{"line":178,"column":29},"end":{"line":180,"column":1}},"35":{"start":{"line":179,"column":2},"end":{"line":179,"column":45}},"36":{"start":{"line":182,"column":24},"end":{"line":188,"column":1}},"37":{"start":{"line":183,"column":2},"end":{"line":187,"column":32}},"38":{"start":{"line":187,"column":15},"end":{"line":187,"column":31}},"39":{"start":{"line":190,"column":31},"end":{"line":192,"column":1}},"40":{"start":{"line":191,"column":2},"end":{"line":191,"column":49}},"41":{"start":{"line":194,"column":18},"end":{"line":200,"column":1}},"42":{"start":{"line":195,"column":2},"end":{"line":199,"column":18}},"43":{"start":{"line":202,"column":25},"end":{"line":240,"column":1}},"44":{"start":{"line":203,"column":25},"end":{"line":229,"column":4}},"45":{"start":{"line":230,"column":22},"end":{"line":230,"column":35}},"46":{"start":{"line":231,"column":2},"end":{"line":238,"column":15}},"47":{"start":{"line":234,"column":14},"end":{"line":237,"column":15}},"48":{"start":{"line":247,"column":17},"end":{"line":261,"column":1}},"49":{"start":{"line":248,"column":2},"end":{"line":260,"column":26}},"50":{"start":{"line":260,"column":18},"end":{"line":260,"column":25}},"51":{"start":{"line":272,"column":17},"end":{"line":289,"column":1}},"52":{"start":{"line":273,"column":2},"end":{"line":288,"column":5}},"53":{"start":{"line":291,"column":27},"end":{"line":333,"column":1}},"54":{"start":{"line":292,"column":2},"end":{"line":332,"column":4}},"55":{"start":{"line":336,"column":0},"end":{"line":354,"column":1}}},"fnMap":{"0":{"name":"(anonymous_0)","decl":{"start":{"line":6,"column":19},"end":{"line":6,"column":20}},"loc":{"start":{"line":6,"column":36},"end":{"line":11,"column":1}},"line":6},"1":{"name":"(anonymous_1)","decl":{"start":{"line":13,"column":21},"end":{"line":13,"column":22}},"loc":{"start":{"line":13,"column":38},"end":{"line":23,"column":1}},"line":13},"2":{"name":"(anonymous_2)","decl":{"start":{"line":25,"column":20},"end":{"line":25,"column":21}},"loc":{"start":{"line":25,"column":47},"end":{"line":27,"column":1}},"line":25},"3":{"name":"(anonymous_3)","decl":{"start":{"line":29,"column":25},"end":{"line":29,"column":26}},"loc":{"start":{"line":29,"column":36},"end":{"line":38,"column":1}},"line":29},"4":{"name":"(anonymous_4)","decl":{"start":{"line":40,"column":27},"end":{"line":40,"column":28}},"loc":{"start":{"line":40,"column":38},"end":{"line":65,"column":1}},"line":40},"5":{"name":"(anonymous_5)","decl":{"start":{"line":73,"column":27},"end":{"line":73,"column":28}},"loc":{"start":{"line":73,"column":38},"end":{"line":101,"column":1}},"line":73},"6":{"name":"(anonymous_6)","decl":{"start":{"line":104,"column":29},"end":{"line":104,"column":30}},"loc":{"start":{"line":104,"column":40},"end":{"line":132,"column":1}},"line":104},"7":{"name":"(anonymous_7)","decl":{"start":{"line":134,"column":16},"end":{"line":134,"column":17}},"loc":{"start":{"line":134,"column":29},"end":{"line":137,"column":1}},"line":134},"8":{"name":"(anonymous_8)","decl":{"start":{"line":136,"column":17},"end":{"line":136,"column":18}},"loc":{"start":{"line":136,"column":25},"end":{"line":136,"column":32}},"line":136},"9":{"name":"(anonymous_9)","decl":{"start":{"line":139,"column":16},"end":{"line":139,"column":17}},"loc":{"start":{"line":139,"column":29},"end":{"line":153,"column":1}},"line":139},"10":{"name":"(anonymous_10)","decl":{"start":{"line":155,"column":16},"end":{"line":155,"column":17}},"loc":{"start":{"line":155,"column":23},"end":{"line":155,"column":56}},"line":155},"11":{"name":"(anonymous_11)","decl":{"start":{"line":157,"column":23},"end":{"line":157,"column":24}},"loc":{"start":{"line":157,"column":36},"end":{"line":169,"column":1}},"line":157},"12":{"name":"(anonymous_12)","decl":{"start":{"line":163,"column":16},"end":{"line":163,"column":17}},"loc":{"start":{"line":163,"column":27},"end":{"line":168,"column":11}},"line":163},"13":{"name":"(anonymous_13)","decl":{"start":{"line":170,"column":22},"end":{"line":170,"column":23}},"loc":{"start":{"line":170,"column":33},"end":{"line":176,"column":1}},"line":170},"14":{"name":"(anonymous_14)","decl":{"start":{"line":175,"column":8},"end":{"line":175,"column":9}},"loc":{"start":{"line":175,"column":15},"end":{"line":175,"column":24}},"line":175},"15":{"name":"(anonymous_15)","decl":{"start":{"line":178,"column":29},"end":{"line":178,"column":30}},"loc":{"start":{"line":178,"column":42},"end":{"line":180,"column":1}},"line":178},"16":{"name":"(anonymous_16)","decl":{"start":{"line":182,"column":24},"end":{"line":182,"column":25}},"loc":{"start":{"line":182,"column":35},"end":{"line":188,"column":1}},"line":182},"17":{"name":"(anonymous_17)","decl":{"start":{"line":187,"column":8},"end":{"line":187,"column":9}},"loc":{"start":{"line":187,"column":15},"end":{"line":187,"column":31}},"line":187},"18":{"name":"(anonymous_18)","decl":{"start":{"line":190,"column":31},"end":{"line":190,"column":32}},"loc":{"start":{"line":190,"column":41},"end":{"line":192,"column":1}},"line":190},"19":{"name":"(anonymous_19)","decl":{"start":{"line":194,"column":18},"end":{"line":194,"column":19}},"loc":{"start":{"line":194,"column":31},"end":{"line":200,"column":1}},"line":194},"20":{"name":"(anonymous_20)","decl":{"start":{"line":202,"column":25},"end":{"line":202,"column":26}},"loc":{"start":{"line":202,"column":38},"end":{"line":240,"column":1}},"line":202},"21":{"name":"(anonymous_21)","decl":{"start":{"line":233,"column":18},"end":{"line":233,"column":19}},"loc":{"start":{"line":233,"column":29},"end":{"line":238,"column":13}},"line":233},"22":{"name":"(anonymous_22)","decl":{"start":{"line":247,"column":17},"end":{"line":247,"column":18}},"loc":{"start":{"line":247,"column":30},"end":{"line":261,"column":1}},"line":247},"23":{"name":"(anonymous_23)","decl":{"start":{"line":260,"column":10},"end":{"line":260,"column":11}},"loc":{"start":{"line":260,"column":18},"end":{"line":260,"column":25}},"line":260},"24":{"name":"(anonymous_24)","decl":{"start":{"line":272,"column":17},"end":{"line":272,"column":18}},"loc":{"start":{"line":272,"column":28},"end":{"line":289,"column":1}},"line":272},"25":{"name":"(anonymous_25)","decl":{"start":{"line":291,"column":27},"end":{"line":291,"column":28}},"loc":{"start":{"line":291,"column":40},"end":{"line":333,"column":1}},"line":291}},"branchMap":{"0":{"loc":{"start":{"line":155,"column":23},"end":{"line":155,"column":56}},"type":"cond-expr","locations":[{"start":{"line":155,"column":44},"end":{"line":155,"column":50}},{"start":{"line":155,"column":53},"end":{"line":155,"column":56}}],"line":155},"1":{"loc":{"start":{"line":165,"column":20},"end":{"line":165,"column":45}},"type":"binary-expr","locations":[{"start":{"line":165,"column":20},"end":{"line":165,"column":39}},{"start":{"line":165,"column":43},"end":{"line":165,"column":45}}],"line":165},"2":{"loc":{"start":{"line":236,"column":24},"end":{"line":236,"column":49}},"type":"binary-expr","locations":[{"start":{"line":236,"column":24},"end":{"line":236,"column":43}},{"start":{"line":236,"column":47},"end":{"line":236,"column":49}}],"line":236}},"s":{"0":1,"1":1,"2":1,"3":1,"4":1,"5":3,"6":1,"7":3,"8":1,"9":0,"10":1,"11":1,"12":1,"13":1,"14":1,"15":1,"16":1,"17":1,"18":1,"19":3,"20":3,"21":1,"22":3,"23":1,"24":9,"25":1,"26":2,"27":2,"28":2,"29":2,"30":2,"31":1,"32":1,"33":1,"34":1,"35":1,"36":1,"37":1,"38":1,"39":1,"40":1,"41":1,"42":4,"43":1,"44":3,"45":3,"46":3,"47":3,"48":1,"49":1,"50":1,"51":1,"52":1,"53":1,"54":1,"55":1},"f":{"0":3,"1":3,"2":0,"3":1,"4":1,"5":1,"6":1,"7":3,"8":3,"9":3,"10":9,"11":2,"12":2,"13":1,"14":1,"15":1,"16":1,"17":1,"18":1,"19":4,"20":3,"21":3,"22":1,"23":1,"24":1,"25":1},"b":{"0":[4,5],"1":[2,0],"2":[3,1]},"_coverageSchema":"1a1c01bbd47fc00a2c39e90264f33305004495a9","hash":"a924c219bd43094912ba0f432764ca0d5aa00916"}
,"/Users/neilshweky/Dropbox/DeveloperStuff/JSWorkspace/CreditsWorld/server/models/schemas.js": {"path":"/Users/neilshweky/Dropbox/DeveloperStuff/JSWorkspace/CreditsWorld/server/models/schemas.js","statementMap":{"0":{"start":{"line":5,"column":15},"end":{"line":5,"column":32}},"1":{"start":{"line":6,"column":15},"end":{"line":6,"column":42}},"2":{"start":{"line":7,"column":20},"end":{"line":7,"column":48}},"3":{"start":{"line":8,"column":12},"end":{"line":8,"column":28}},"4":{"start":{"line":10,"column":11},"end":{"line":10,"column":16}},"5":{"start":{"line":12,"column":23},"end":{"line":18,"column":1}},"6":{"start":{"line":19,"column":19},"end":{"line":19,"column":80}},"7":{"start":{"line":20,"column":0},"end":{"line":20,"column":21}},"8":{"start":{"line":25,"column":14},"end":{"line":32,"column":1}},"9":{"start":{"line":26,"column":2},"end":{"line":31,"column":4}},"10":{"start":{"line":27,"column":4},"end":{"line":30,"column":6}},"11":{"start":{"line":28,"column":6},"end":{"line":29,"column":31}},"12":{"start":{"line":28,"column":15},"end":{"line":28,"column":33}},"13":{"start":{"line":29,"column":11},"end":{"line":29,"column":31}},"14":{"start":{"line":50,"column":0},"end":{"line":50,"column":38}}},"fnMap":{"0":{"name":"(anonymous_0)","decl":{"start":{"line":25,"column":14},"end":{"line":25,"column":15}},"loc":{"start":{"line":25,"column":21},"end":{"line":32,"column":1}},"line":25},"1":{"name":"(anonymous_1)","decl":{"start":{"line":26,"column":21},"end":{"line":26,"column":22}},"loc":{"start":{"line":26,"column":47},"end":{"line":31,"column":3}},"line":26},"2":{"name":"(anonymous_2)","decl":{"start":{"line":27,"column":26},"end":{"line":27,"column":27}},"loc":{"start":{"line":27,"column":55},"end":{"line":30,"column":5}},"line":27}},"branchMap":{"0":{"loc":{"start":{"line":19,"column":42},"end":{"line":19,"column":79}},"type":"cond-expr","locations":[{"start":{"line":19,"column":49},"end":{"line":19,"column":65}},{"start":{"line":19,"column":68},"end":{"line":19,"column":79}}],"line":19},"1":{"loc":{"start":{"line":28,"column":6},"end":{"line":29,"column":31}},"type":"if","locations":[{"start":{"line":28,"column":6},"end":{"line":29,"column":31}},{"start":{"line":28,"column":6},"end":{"line":29,"column":31}}],"line":28}},"s":{"0":1,"1":1,"2":1,"3":1,"4":1,"5":1,"6":1,"7":1,"8":1,"9":35,"10":35,"11":35,"12":0,"13":35,"14":1},"f":{"0":35,"1":35,"2":35},"b":{"0":[0,1],"1":[0,35]},"_coverageSchema":"1a1c01bbd47fc00a2c39e90264f33305004495a9","hash":"850c49071e2f839c6181a0508f3664eba30afd31"}
}
