TN:
SF:credentials.js
FNF:0
FNH:0
DA:3,1
LF:1
LH:1
BRDA:4,0,0,1
BRDA:4,0,1,1
BRDA:5,1,0,1
BRDA:5,1,1,1
BRDA:6,2,0,1
BRDA:6,2,1,1
BRDA:7,3,0,1
BRDA:7,3,1,1
BRDA:8,4,0,1
BRDA:8,4,1,1
BRF:10
BRH:10
end_of_record
TN:
SF:models/database.js
FN:6,(anonymous_0)
FN:13,(anonymous_1)
FN:24,(anonymous_2)
FN:28,(anonymous_3)
FN:40,(anonymous_4)
FN:73,(anonymous_5)
FN:89,(anonymous_6)
FN:104,(anonymous_7)
FN:106,(anonymous_8)
FN:109,(anonymous_9)
FN:125,(anonymous_10)
FN:127,(anonymous_11)
FN:133,(anonymous_12)
FN:140,(anonymous_13)
FN:145,(anonymous_14)
FN:148,(anonymous_15)
FN:152,(anonymous_16)
FN:157,(anonymous_17)
FN:160,(anonymous_18)
FN:164,(anonymous_19)
FN:172,(anonymous_20)
FN:203,(anonymous_21)
FN:217,(anonymous_22)
FN:230,(anonymous_23)
FN:242,(anonymous_24)
FNF:25
FNH:24
FNDA:3,(anonymous_0)
FNDA:3,(anonymous_1)
FNDA:0,(anonymous_2)
FNDA:1,(anonymous_3)
FNDA:1,(anonymous_4)
FNDA:1,(anonymous_5)
FNDA:1,(anonymous_6)
FNDA:3,(anonymous_7)
FNDA:3,(anonymous_8)
FNDA:3,(anonymous_9)
FNDA:9,(anonymous_10)
FNDA:2,(anonymous_11)
FNDA:2,(anonymous_12)
FNDA:1,(anonymous_13)
FNDA:1,(anonymous_14)
FNDA:1,(anonymous_15)
FNDA:1,(anonymous_16)
FNDA:1,(anonymous_17)
FNDA:1,(anonymous_18)
FNDA:4,(anonymous_19)
FNDA:3,(anonymous_20)
FNDA:3,(anonymous_21)
FNDA:1,(anonymous_22)
FNDA:1,(anonymous_23)
FNDA:1,(anonymous_24)
DA:1,1
DA:2,1
DA:3,1
DA:4,1
DA:6,1
DA:7,3
DA:13,1
DA:14,3
DA:24,1
DA:25,0
DA:28,1
DA:29,1
DA:40,1
DA:41,1
DA:73,1
DA:74,1
DA:89,1
DA:90,1
DA:104,1
DA:105,3
DA:106,3
DA:109,1
DA:110,3
DA:125,9
DA:127,1
DA:128,2
DA:129,2
DA:130,2
DA:131,2
DA:134,2
DA:140,1
DA:141,1
DA:145,1
DA:148,1
DA:149,1
DA:152,1
DA:153,1
DA:157,1
DA:160,1
DA:161,1
DA:164,1
DA:165,4
DA:172,1
DA:173,3
DA:200,3
DA:201,3
DA:204,3
DA:217,1
DA:218,1
DA:230,1
DA:242,1
DA:243,1
DA:262,1
LF:53
LH:52
BRDA:125,0,0,4
BRDA:125,0,1,5
BRDA:135,1,0,2
BRDA:135,1,1,0
BRDA:206,2,0,3
BRDA:206,2,1,1
BRF:6
BRH:5
end_of_record
TN:
SF:models/schemas.js
FN:25,(anonymous_0)
FN:26,(anonymous_1)
FN:27,(anonymous_2)
FNF:3
FNH:3
FNDA:34,(anonymous_0)
FNDA:34,(anonymous_1)
FNDA:34,(anonymous_2)
DA:5,1
DA:6,1
DA:7,1
DA:8,1
DA:10,1
DA:12,1
DA:19,1
DA:20,1
DA:25,1
DA:26,34
DA:27,34
DA:28,34
DA:29,34
DA:50,1
LF:14
LH:14
BRDA:19,0,0,0
BRDA:19,0,1,1
BRDA:28,1,0,0
BRDA:28,1,1,34
BRF:4
BRH:2
end_of_record
