TN:
SF:credentials.js
FNF:0
FNH:0
DA:3,1
LF:1
LH:1
BRDA:4,0,0,1
BRDA:4,0,1,1
BRDA:5,1,0,1
BRDA:5,1,1,1
BRDA:6,2,0,1
BRDA:6,2,1,1
BRDA:7,3,0,1
BRDA:7,3,1,1
BRDA:8,4,0,1
BRDA:8,4,1,1
BRF:10
BRH:10
end_of_record
TN:
SF:models/database.js
FN:6,(anonymous_0)
FN:13,(anonymous_1)
FN:25,(anonymous_2)
FN:29,(anonymous_3)
FN:40,(anonymous_4)
FN:73,(anonymous_5)
FN:104,(anonymous_6)
FN:134,(anonymous_7)
FN:136,(anonymous_8)
FN:139,(anonymous_9)
FN:155,(anonymous_10)
FN:157,(anonymous_11)
FN:163,(anonymous_12)
FN:170,(anonymous_13)
FN:175,(anonymous_14)
FN:178,(anonymous_15)
FN:182,(anonymous_16)
FN:187,(anonymous_17)
FN:190,(anonymous_18)
FN:194,(anonymous_19)
FN:202,(anonymous_20)
FN:233,(anonymous_21)
FN:247,(anonymous_22)
FN:260,(anonymous_23)
FN:272,(anonymous_24)
FN:291,(anonymous_25)
FNF:26
FNH:25
FNDA:3,(anonymous_0)
FNDA:3,(anonymous_1)
FNDA:0,(anonymous_2)
FNDA:1,(anonymous_3)
FNDA:1,(anonymous_4)
FNDA:1,(anonymous_5)
FNDA:1,(anonymous_6)
FNDA:3,(anonymous_7)
FNDA:3,(anonymous_8)
FNDA:3,(anonymous_9)
FNDA:9,(anonymous_10)
FNDA:2,(anonymous_11)
FNDA:2,(anonymous_12)
FNDA:1,(anonymous_13)
FNDA:1,(anonymous_14)
FNDA:1,(anonymous_15)
FNDA:1,(anonymous_16)
FNDA:1,(anonymous_17)
FNDA:1,(anonymous_18)
FNDA:4,(anonymous_19)
FNDA:3,(anonymous_20)
FNDA:3,(anonymous_21)
FNDA:1,(anonymous_22)
FNDA:1,(anonymous_23)
FNDA:1,(anonymous_24)
FNDA:1,(anonymous_25)
DA:1,1
DA:2,1
DA:3,1
DA:4,1
DA:6,1
DA:7,3
DA:13,1
DA:14,3
DA:25,1
DA:26,0
DA:29,1
DA:30,1
DA:40,1
DA:41,1
DA:73,1
DA:74,1
DA:104,1
DA:105,1
DA:134,1
DA:135,3
DA:136,3
DA:139,1
DA:140,3
DA:155,9
DA:157,1
DA:158,2
DA:159,2
DA:160,2
DA:161,2
DA:164,2
DA:170,1
DA:171,1
DA:175,1
DA:178,1
DA:179,1
DA:182,1
DA:183,1
DA:187,1
DA:190,1
DA:191,1
DA:194,1
DA:195,4
DA:202,1
DA:203,3
DA:230,3
DA:231,3
DA:234,3
DA:247,1
DA:248,1
DA:260,1
DA:272,1
DA:273,1
DA:291,1
DA:292,1
DA:336,1
LF:55
LH:54
BRDA:155,0,0,4
BRDA:155,0,1,5
BRDA:165,1,0,2
BRDA:165,1,1,0
BRDA:236,2,0,3
BRDA:236,2,1,1
BRF:6
BRH:5
end_of_record
TN:
SF:models/schemas.js
FN:25,(anonymous_0)
FN:26,(anonymous_1)
FN:27,(anonymous_2)
FNF:3
FNH:3
FNDA:35,(anonymous_0)
FNDA:35,(anonymous_1)
FNDA:35,(anonymous_2)
DA:5,1
DA:6,1
DA:7,1
DA:8,1
DA:10,1
DA:12,1
DA:19,1
DA:20,1
DA:25,1
DA:26,35
DA:27,35
DA:28,35
DA:29,35
DA:50,1
LF:14
LH:14
BRDA:19,0,0,0
BRDA:19,0,1,1
BRDA:28,1,0,0
BRDA:28,1,1,35
BRF:4
BRH:2
end_of_record
